<?xml version="1.0" encoding="UTF-8"?>
<!-- Generated by org.testng.reporters.JUnitXMLReporter -->
<testsuite ignored="0" hostname="user-PC" failures="1" tests="1" name="Test(failed)(failed)" time="37.448" errors="0" timestamp="2022-02-09T14:38:11 IST">
  <testcase classname="TestNG.Test8" name="demo" time="12.378">
    <failure type="java.lang.AssertionError" message="The following asserts failed:
	expected [(20+) Facebook] but found [Facebook]">
      <![CDATA[java.lang.AssertionError: The following asserts failed:
expected [(20+) Facebook] but found [Facebook]
at TestNG.Test8.demo(Test8.java:41)
at java.base/java.util.ArrayList.forEach(ArrayList.java:1511)
... Removed 29 stack frames]]>
    </failure>
  </testcase> <!-- demo -->
</testsuite> <!-- Test(failed)(failed) -->
