<?xml version="1.0" encoding="UTF-8"?>
<!-- Generated by org.testng.reporters.JUnitXMLReporter -->
<testsuite ignored="0" hostname="user-PC" failures="2" tests="2" name="Test" time="109.262" errors="0" timestamp="2022-02-09T14:32:31 IST">
  <testcase classname="TestNG.Test8" name="demo" time="19.337">
    <failure type="java.lang.AssertionError" message="The following asserts failed:
	expected [sjfkjsgjkrg] but found [(20+) Facebook]">
      <![CDATA[java.lang.AssertionError: The following asserts failed:
expected [sjfkjsgjkrg] but found [(20+) Facebook]
at TestNG.Test8.demo(Test8.java:41)
at java.base/java.util.ArrayList.forEach(ArrayList.java:1511)
... Removed 29 stack frames]]>
    </failure>
  </testcase> <!-- demo -->
  <testcase classname="TestNG.Test7" name="demo" time="26.524">
    <failure type="java.lang.AssertionError" message="expected [kenflksksldngslkd] but found [Facebook – log in or sign up]">
      <![CDATA[java.lang.AssertionError: expected [kenflksksldngslkd] but found [Facebook – log in or sign up]
at TestNG.Test7.demo(Test7.java:37)
at java.base/java.util.ArrayList.forEach(ArrayList.java:1511)
... Removed 33 stack frames]]>
    </failure>
  </testcase> <!-- demo -->
</testsuite> <!-- Test -->
