<?xml version="1.0" encoding="UTF-8"?>
<!-- Generated by org.testng.reporters.JUnitXMLReporter -->
<testsuite ignored="0" hostname="user-PC" failures="1" tests="2" name="Test(failed)" time="85.178" errors="0" timestamp="2022-02-09T14:35:35 IST">
  <testcase classname="TestNG.Test7" name="demo" time="16.212"/>
  <testcase classname="TestNG.Test8" name="demo" time="23.487">
    <failure type="java.lang.AssertionError" message="The following asserts failed:
	expected [sjfkjsgjkrg] but found [(20+) Facebook]">
      <![CDATA[java.lang.AssertionError: The following asserts failed:
expected [sjfkjsgjkrg] but found [(20+) Facebook]
at TestNG.Test8.demo(Test8.java:41)
at java.base/java.util.ArrayList.forEach(ArrayList.java:1511)
... Removed 29 stack frames]]>
    </failure>
  </testcase> <!-- demo -->
</testsuite> <!-- Test(failed) -->
